[ 2013-04-25T01:06:46+08:00 ] 0.0.0.0 /0595ty/
INFO: [ app_begin ] --START--
INFO: Run ReadHtmlCache Behavior [ RunTime:0.002927s ]
INFO: [ app_begin ] --END-- [ RunTime:0.003481s ]
INFO: [ view_parse ] --START--
INFO: Run ParseTemplate Behavior [ RunTime:0.024608s ]
INFO: [ view_parse ] --END-- [ RunTime:0.025350s ]
INFO: [ view_filter ] --START--
INFO: Run ContentReplace Behavior [ RunTime:0.002082s ]
INFO: Run TokenBuild Behavior [ RunTime:0.002223s ]
INFO: Run WriteHtmlCache Behavior [ RunTime:0.002398s ]
INFO: Run ShowRuntime Behavior [ RunTime:0.003048s ]
INFO: [ view_filter ] --END-- [ RunTime:0.011151s ]
INFO: [ view_end ] --START--
INFO: Run ShowPageTrace Behavior [ RunTime:0.003638s ]
INFO: [ view_end ] --END-- [ RunTime:0.004154s ]

[ 2013-04-25T01:10:58+08:00 ] 0.0.0.0 /0595ty/
INFO: [ app_begin ] --START--
INFO: Run ReadHtmlCache Behavior [ RunTime:0.001709s ]
INFO: Run CheckLang Behavior [ RunTime:0.003509s ]
INFO: [ app_begin ] --END-- [ RunTime:0.006116s ]

[ 2013-04-25T01:14:16+08:00 ] 0.0.0.0 /0595ty/
INFO: [ app_begin ] --START--
INFO: Run ReadHtmlCache Behavior [ RunTime:0.001900s ]
INFO: Run CheckLang Behavior [ RunTime:0.003597s ]
INFO: [ app_begin ] --END-- [ RunTime:0.006274s ]
INFO: [ view_template ] --START--
INFO: Run LocationTemplate Behavior [ RunTime:0.002384s ]
INFO: [ view_template ] --END-- [ RunTime:0.003219s ]
INFO: [ view_parse ] --START--
INFO: Run ParseTemplate Behavior [ RunTime:0.034643s ]
INFO: [ view_parse ] --END-- [ RunTime:0.035155s ]
INFO: [ view_filter ] --START--
INFO: Run ContentReplace Behavior [ RunTime:0.002091s ]
INFO: Run TokenBuild Behavior [ RunTime:0.001596s ]
INFO: Run WriteHtmlCache Behavior [ RunTime:0.000931s ]
INFO: Run ShowRuntime Behavior [ RunTime:0.001768s ]
INFO: [ view_filter ] --END-- [ RunTime:0.007775s ]
INFO: [ view_end ] --START--
INFO: Run ShowPageTrace Behavior [ RunTime:0.001745s ]
INFO: [ view_end ] --END-- [ RunTime:0.002265s ]

[ 2013-04-25T01:15:12+08:00 ] 0.0.0.0 /0595ty/
INFO: [ app_begin ] --START--
INFO: Run ReadHtmlCache Behavior [ RunTime:0.002901s ]
INFO: Run CheckLang Behavior [ RunTime:0.003217s ]
INFO: [ app_begin ] --END-- [ RunTime:0.007063s ]
INFO: [ view_template ] --START--
INFO: Run LocationTemplate Behavior [ RunTime:0.001318s ]
INFO: [ view_template ] --END-- [ RunTime:0.001867s ]
INFO: [ view_parse ] --START--
INFO: Run ParseTemplate Behavior [ RunTime:0.026301s ]
INFO: [ view_parse ] --END-- [ RunTime:0.026844s ]
INFO: [ view_filter ] --START--
INFO: Run ContentReplace Behavior [ RunTime:0.001456s ]
INFO: Run TokenBuild Behavior [ RunTime:0.001207s ]
INFO: Run WriteHtmlCache Behavior [ RunTime:0.000931s ]
INFO: Run ShowRuntime Behavior [ RunTime:0.001679s ]
INFO: [ view_filter ] --END-- [ RunTime:0.006638s ]
INFO: [ view_end ] --START--
INFO: Run ShowPageTrace Behavior [ RunTime:0.001400s ]
INFO: [ view_end ] --END-- [ RunTime:0.001879s ]

[ 2013-04-25T01:15:56+08:00 ] 0.0.0.0 /0595ty/
INFO: [ app_begin ] --START--
INFO: Run ReadHtmlCache Behavior [ RunTime:0.001693s ]
INFO: Run CheckLang Behavior [ RunTime:0.004022s ]
INFO: [ app_begin ] --END-- [ RunTime:0.006576s ]
INFO: [ view_template ] --START--
INFO: Run LocationTemplate Behavior [ RunTime:0.001157s ]
INFO: [ view_template ] --END-- [ RunTime:0.001665s ]
INFO: [ view_parse ] --START--
INFO: Run ParseTemplate Behavior [ RunTime:0.033271s ]
INFO: [ view_parse ] --END-- [ RunTime:0.033811s ]
INFO: [ view_filter ] --START--
INFO: Run ContentReplace Behavior [ RunTime:0.001522s ]
INFO: Run TokenBuild Behavior [ RunTime:0.001320s ]
INFO: Run WriteHtmlCache Behavior [ RunTime:0.000882s ]
INFO: Run ShowRuntime Behavior [ RunTime:0.001848s ]
INFO: [ view_filter ] --END-- [ RunTime:0.007163s ]
INFO: [ view_end ] --START--
INFO: Run ShowPageTrace Behavior [ RunTime:0.001278s ]
INFO: [ view_end ] --END-- [ RunTime:0.001743s ]

[ 2013-04-25T01:15:58+08:00 ] 0.0.0.0 /0595ty/
INFO: [ app_begin ] --START--
INFO: Run ReadHtmlCache Behavior [ RunTime:0.001356s ]
INFO: Run CheckLang Behavior [ RunTime:0.002694s ]
INFO: [ app_begin ] --END-- [ RunTime:0.004838s ]
INFO: [ view_template ] --START--
INFO: Run LocationTemplate Behavior [ RunTime:0.001256s ]
INFO: [ view_template ] --END-- [ RunTime:0.001769s ]
INFO: [ view_parse ] --START--
INFO: Run ParseTemplate Behavior [ RunTime:0.031847s ]
INFO: [ view_parse ] --END-- [ RunTime:0.032365s ]
INFO: [ view_filter ] --START--
INFO: Run ContentReplace Behavior [ RunTime:0.001661s ]
INFO: Run TokenBuild Behavior [ RunTime:0.001248s ]
INFO: Run WriteHtmlCache Behavior [ RunTime:0.000748s ]
INFO: Run ShowRuntime Behavior [ RunTime:0.001581s ]
INFO: [ view_filter ] --END-- [ RunTime:0.006578s ]
INFO: [ view_end ] --START--
INFO: Run ShowPageTrace Behavior [ RunTime:0.001236s ]
INFO: [ view_end ] --END-- [ RunTime:0.001730s ]

[ 2013-04-25T01:17:43+08:00 ] 0.0.0.0 /0595ty/
INFO: [ app_begin ] --START--
INFO: Run ReadHtmlCache Behavior [ RunTime:0.001563s ]
INFO: Run CheckLang Behavior [ RunTime:0.003743s ]
INFO: [ app_begin ] --END-- [ RunTime:0.006396s ]
INFO: [ view_template ] --START--
INFO: Run LocationTemplate Behavior [ RunTime:0.001735s ]
INFO: [ view_template ] --END-- [ RunTime:0.002284s ]
INFO: [ view_parse ] --START--
INFO: Run ParseTemplate Behavior [ RunTime:0.026429s ]
INFO: [ view_parse ] --END-- [ RunTime:0.026999s ]
INFO: [ view_filter ] --START--
INFO: Run ContentReplace Behavior [ RunTime:0.001399s ]
INFO: Run TokenBuild Behavior [ RunTime:0.001174s ]
INFO: Run WriteHtmlCache Behavior [ RunTime:0.000791s ]
INFO: Run ShowRuntime Behavior [ RunTime:0.001582s ]
INFO: [ view_filter ] --END-- [ RunTime:0.006253s ]
INFO: [ view_end ] --START--
INFO: Run ShowPageTrace Behavior [ RunTime:0.001279s ]
INFO: [ view_end ] --END-- [ RunTime:0.001804s ]

